C:\USERS\RAJMOHAN\DOCUMENTS\GITHUB\ALGORITHMS IMPLEMENTATION\ALGORITHMS_IMPLEMENTATIONS\ALGORITHMS_IMPLEMENTATIONS\DEBUG\ALGORITHMS_IMPLEMENTATIONS.EXE.EMBED.MANIFEST
C:\USERS\RAJMOHAN\DOCUMENTS\GITHUB\ALGORITHMS IMPLEMENTATION\ALGORITHMS_IMPLEMENTATIONS\ALGORITHMS_IMPLEMENTATIONS\DEBUG\ALGORITHMS_IMPLEMENTATIONS.EXE.EMBED.MANIFEST.RES
C:\USERS\RAJMOHAN\DOCUMENTS\GITHUB\ALGORITHMS IMPLEMENTATION\ALGORITHMS_IMPLEMENTATIONS\ALGORITHMS_IMPLEMENTATIONS\DEBUG\ALGORITHMS_IMPLEMENTATIONS.EXE.INTERMEDIATE.MANIFEST
C:\USERS\RAJMOHAN\DOCUMENTS\GITHUB\ALGORITHMS IMPLEMENTATION\ALGORITHMS_IMPLEMENTATIONS\ALGORITHMS_IMPLEMENTATIONS\DEBUG\ALGORITHMS_IMPLEMENTATIONS.OBJ
C:\Users\Rajmohan\Documents\GitHub\Algorithms Implementation\Algorithms_Implementations\Algorithms_Implementations\Debug\Algorithms_Implementations.vcxprojResolveAssemblyReference.cache
C:\Users\Rajmohan\Documents\GitHub\Algorithms Implementation\Algorithms_Implementations\Algorithms_Implementations\Debug\Algorithms_Implementations.write.1.tlog
C:\Users\Rajmohan\Documents\GitHub\Algorithms Implementation\Algorithms_Implementations\Algorithms_Implementations\Debug\Algorithms_Implementations_manifest.rc
C:\Users\Rajmohan\Documents\GitHub\Algorithms Implementation\Algorithms_Implementations\Algorithms_Implementations\Debug\cl.command.1.tlog
C:\Users\Rajmohan\Documents\GitHub\Algorithms Implementation\Algorithms_Implementations\Algorithms_Implementations\Debug\CL.read.1.tlog
C:\Users\Rajmohan\Documents\GitHub\Algorithms Implementation\Algorithms_Implementations\Algorithms_Implementations\Debug\CL.write.1.tlog
C:\Users\Rajmohan\Documents\GitHub\Algorithms Implementation\Algorithms_Implementations\Algorithms_Implementations\Debug\link.1416.read.1.tlog
C:\Users\Rajmohan\Documents\GitHub\Algorithms Implementation\Algorithms_Implementations\Algorithms_Implementations\Debug\link.1416.write.1.tlog
C:\Users\Rajmohan\Documents\GitHub\Algorithms Implementation\Algorithms_Implementations\Algorithms_Implementations\Debug\link.1416-cvtres.read.1.tlog
C:\Users\Rajmohan\Documents\GitHub\Algorithms Implementation\Algorithms_Implementations\Algorithms_Implementations\Debug\link.1416-cvtres.write.1.tlog
C:\Users\Rajmohan\Documents\GitHub\Algorithms Implementation\Algorithms_Implementations\Algorithms_Implementations\Debug\link.3320.read.1.tlog
C:\Users\Rajmohan\Documents\GitHub\Algorithms Implementation\Algorithms_Implementations\Algorithms_Implementations\Debug\link.3320.write.1.tlog
C:\Users\Rajmohan\Documents\GitHub\Algorithms Implementation\Algorithms_Implementations\Algorithms_Implementations\Debug\link.3320-cvtres.read.1.tlog
C:\Users\Rajmohan\Documents\GitHub\Algorithms Implementation\Algorithms_Implementations\Algorithms_Implementations\Debug\link.3320-cvtres.write.1.tlog
C:\Users\Rajmohan\Documents\GitHub\Algorithms Implementation\Algorithms_Implementations\Algorithms_Implementations\Debug\link.3892.read.1.tlog
C:\Users\Rajmohan\Documents\GitHub\Algorithms Implementation\Algorithms_Implementations\Algorithms_Implementations\Debug\link.3892.write.1.tlog
C:\Users\Rajmohan\Documents\GitHub\Algorithms Implementation\Algorithms_Implementations\Algorithms_Implementations\Debug\link.3892-cvtres.read.1.tlog
C:\Users\Rajmohan\Documents\GitHub\Algorithms Implementation\Algorithms_Implementations\Algorithms_Implementations\Debug\link.3892-cvtres.write.1.tlog
C:\Users\Rajmohan\Documents\GitHub\Algorithms Implementation\Algorithms_Implementations\Algorithms_Implementations\Debug\link.4648.read.1.tlog
C:\Users\Rajmohan\Documents\GitHub\Algorithms Implementation\Algorithms_Implementations\Algorithms_Implementations\Debug\link.4648.write.1.tlog
C:\Users\Rajmohan\Documents\GitHub\Algorithms Implementation\Algorithms_Implementations\Algorithms_Implementations\Debug\link.4648-cvtres.read.1.tlog
C:\Users\Rajmohan\Documents\GitHub\Algorithms Implementation\Algorithms_Implementations\Algorithms_Implementations\Debug\link.4648-cvtres.write.1.tlog
C:\Users\Rajmohan\Documents\GitHub\Algorithms Implementation\Algorithms_Implementations\Algorithms_Implementations\Debug\link.5964.read.1.tlog
C:\Users\Rajmohan\Documents\GitHub\Algorithms Implementation\Algorithms_Implementations\Algorithms_Implementations\Debug\link.5964.write.1.tlog
C:\Users\Rajmohan\Documents\GitHub\Algorithms Implementation\Algorithms_Implementations\Algorithms_Implementations\Debug\link.5964-cvtres.read.1.tlog
C:\Users\Rajmohan\Documents\GitHub\Algorithms Implementation\Algorithms_Implementations\Algorithms_Implementations\Debug\link.5964-cvtres.write.1.tlog
C:\Users\Rajmohan\Documents\GitHub\Algorithms Implementation\Algorithms_Implementations\Algorithms_Implementations\Debug\link.6356.read.1.tlog
C:\Users\Rajmohan\Documents\GitHub\Algorithms Implementation\Algorithms_Implementations\Algorithms_Implementations\Debug\link.6356.write.1.tlog
C:\Users\Rajmohan\Documents\GitHub\Algorithms Implementation\Algorithms_Implementations\Algorithms_Implementations\Debug\link.6356-cvtres.read.1.tlog
C:\Users\Rajmohan\Documents\GitHub\Algorithms Implementation\Algorithms_Implementations\Algorithms_Implementations\Debug\link.6356-cvtres.write.1.tlog
C:\Users\Rajmohan\Documents\GitHub\Algorithms Implementation\Algorithms_Implementations\Algorithms_Implementations\Debug\link.6436.read.1.tlog
C:\Users\Rajmohan\Documents\GitHub\Algorithms Implementation\Algorithms_Implementations\Algorithms_Implementations\Debug\link.6436.write.1.tlog
C:\Users\Rajmohan\Documents\GitHub\Algorithms Implementation\Algorithms_Implementations\Algorithms_Implementations\Debug\link.6436-cvtres.read.1.tlog
C:\Users\Rajmohan\Documents\GitHub\Algorithms Implementation\Algorithms_Implementations\Algorithms_Implementations\Debug\link.6436-cvtres.write.1.tlog
C:\Users\Rajmohan\Documents\GitHub\Algorithms Implementation\Algorithms_Implementations\Algorithms_Implementations\Debug\link.6576.read.1.tlog
C:\Users\Rajmohan\Documents\GitHub\Algorithms Implementation\Algorithms_Implementations\Algorithms_Implementations\Debug\link.6576.write.1.tlog
C:\Users\Rajmohan\Documents\GitHub\Algorithms Implementation\Algorithms_Implementations\Algorithms_Implementations\Debug\link.6576-cvtres.read.1.tlog
C:\Users\Rajmohan\Documents\GitHub\Algorithms Implementation\Algorithms_Implementations\Algorithms_Implementations\Debug\link.6576-cvtres.write.1.tlog
C:\Users\Rajmohan\Documents\GitHub\Algorithms Implementation\Algorithms_Implementations\Algorithms_Implementations\Debug\link.8100.read.1.tlog
C:\Users\Rajmohan\Documents\GitHub\Algorithms Implementation\Algorithms_Implementations\Algorithms_Implementations\Debug\link.8100.write.1.tlog
C:\Users\Rajmohan\Documents\GitHub\Algorithms Implementation\Algorithms_Implementations\Algorithms_Implementations\Debug\link.8100-cvtres.read.1.tlog
C:\Users\Rajmohan\Documents\GitHub\Algorithms Implementation\Algorithms_Implementations\Algorithms_Implementations\Debug\link.8100-cvtres.write.1.tlog
C:\Users\Rajmohan\Documents\GitHub\Algorithms Implementation\Algorithms_Implementations\Algorithms_Implementations\Debug\link.9048.read.1.tlog
C:\Users\Rajmohan\Documents\GitHub\Algorithms Implementation\Algorithms_Implementations\Algorithms_Implementations\Debug\link.9048.write.1.tlog
C:\Users\Rajmohan\Documents\GitHub\Algorithms Implementation\Algorithms_Implementations\Algorithms_Implementations\Debug\link.9048-cvtres.read.1.tlog
C:\Users\Rajmohan\Documents\GitHub\Algorithms Implementation\Algorithms_Implementations\Algorithms_Implementations\Debug\link.9048-cvtres.write.1.tlog
C:\Users\Rajmohan\Documents\GitHub\Algorithms Implementation\Algorithms_Implementations\Algorithms_Implementations\Debug\link.command.1.tlog
C:\Users\Rajmohan\Documents\GitHub\Algorithms Implementation\Algorithms_Implementations\Algorithms_Implementations\Debug\link.read.1.tlog
C:\Users\Rajmohan\Documents\GitHub\Algorithms Implementation\Algorithms_Implementations\Algorithms_Implementations\Debug\link.write.1.tlog
C:\Users\Rajmohan\Documents\GitHub\Algorithms Implementation\Algorithms_Implementations\Algorithms_Implementations\Debug\link-cvtres.read.1.tlog
C:\Users\Rajmohan\Documents\GitHub\Algorithms Implementation\Algorithms_Implementations\Algorithms_Implementations\Debug\link-cvtres.write.1.tlog
C:\Users\Rajmohan\Documents\GitHub\Algorithms Implementation\Algorithms_Implementations\Algorithms_Implementations\Debug\mt.command.1.tlog
C:\Users\Rajmohan\Documents\GitHub\Algorithms Implementation\Algorithms_Implementations\Algorithms_Implementations\Debug\mt.read.1.tlog
C:\Users\Rajmohan\Documents\GitHub\Algorithms Implementation\Algorithms_Implementations\Algorithms_Implementations\Debug\mt.write.1.tlog
C:\Users\Rajmohan\Documents\GitHub\Algorithms Implementation\Algorithms_Implementations\Algorithms_Implementations\Debug\rc.command.1.tlog
C:\Users\Rajmohan\Documents\GitHub\Algorithms Implementation\Algorithms_Implementations\Algorithms_Implementations\Debug\rc.read.1.tlog
C:\Users\Rajmohan\Documents\GitHub\Algorithms Implementation\Algorithms_Implementations\Algorithms_Implementations\Debug\rc.write.1.tlog
C:\Users\Rajmohan\Documents\GitHub\Algorithms Implementation\Algorithms_Implementations\Algorithms_Implementations\Debug\vc100.idb
C:\USERS\RAJMOHAN\DOCUMENTS\GITHUB\ALGORITHMS IMPLEMENTATION\ALGORITHMS_IMPLEMENTATIONS\ALGORITHMS_IMPLEMENTATIONS\DEBUG\VC100.PDB
C:\USERS\RAJMOHAN\DOCUMENTS\GITHUB\ALGORITHMS IMPLEMENTATION\ALGORITHMS_IMPLEMENTATIONS\DEBUG\ALGORITHMS_IMPLEMENTATIONS.EXE
C:\USERS\RAJMOHAN\DOCUMENTS\GITHUB\ALGORITHMS IMPLEMENTATION\ALGORITHMS_IMPLEMENTATIONS\DEBUG\ALGORITHMS_IMPLEMENTATIONS.ILK
C:\USERS\RAJMOHAN\DOCUMENTS\GITHUB\ALGORITHMS IMPLEMENTATION\ALGORITHMS_IMPLEMENTATIONS\DEBUG\ALGORITHMS_IMPLEMENTATIONS.PDB
